[0405/224409.195:ERROR:process_info.cc(98)] ReadProcessMemory UNICODE_STRING: Only part of a ReadProcessMemory or WriteProcessMemory request was completed. (0x12B)
[0405/224409.305:ERROR:process_info.cc(118)] ReadProcessMemory bool __cdecl crashpad::(anonymous namespace)::ReadStruct(HANDLE, crashpad::WinVMAddress, T *) [T = crashpad::process_types::LDR_DATA_TABLE_ENTRY<crashpad::process_types::internal::Traits64>]: Only part of a ReadProcessMemory or WriteProcessMemory request was completed. (0x12B)
[0405/224409.372:ERROR:process_info.cc(329)] VirtualQueryEx: Access is denied. (0x5)
[0405/224409.372:ERROR:process_info.cc(556)] ReadMemoryInfo failed
[0405/224409.199:ERROR:process_reader_win.cc(123)] NtOpenThread: {Access Denied} A process has requested access to an object, but has not been granted those access rights. (0xc0000022)
[0405/224409.199:ERROR:process_reader_win.cc(123)] NtOpenThread: {Access Denied} A process has requested access to an object, but has not been granted those access rights. (0xc0000022)
[0405/224409.195:ERROR:process_reader_win.cc(123)] NtOpenThread: {Access Denied} A process has requested access to an object, but has not been granted those access rights. (0xc0000022)
[0405/224409.195:ERROR:process_reader_win.cc(123)] NtOpenThread: {Access Denied} A process has requested access to an object, but has not been granted those access rights. (0xc0000022)
[0405/224409.195:ERROR:process_reader_win.cc(123)] NtOpenThread: {Access Denied} A process has requested access to an object, but has not been granted those access rights. (0xc0000022)
[0405/224409.928:ERROR:exception_snapshot_win.cc(98)] thread ID 10444 not found in process
[0405/224409.197:ERROR:process_reader_win.cc(123)] NtOpenThread: {Access Denied} A process has requested access to an object, but has not been granted those access rights. (0xc0000022)
[0405/224409.928:ERROR:exception_snapshot_win.cc(98)] thread ID 13912 not found in process
[0405/224409.928:ERROR:exception_snapshot_win.cc(98)] thread ID 12692 not found in process
[0405/224409.372:ERROR:scoped_process_suspend.cc(40)] NtResumeProcess: An attempt was made to access an exiting process. (0xc000010a)
[0405/224409.199:ERROR:process_reader_win.cc(123)] NtOpenThread: {Access Denied} A process has requested access to an object, but has not been granted those access rights. (0xc0000022)
[0405/224409.929:ERROR:exception_snapshot_win.cc(98)] thread ID 10880 not found in process
[0405/224409.199:ERROR:process_reader_win.cc(123)] NtOpenThread: {Access Denied} A process has requested access to an object, but has not been granted those access rights. (0xc0000022)
[0405/224409.929:ERROR:exception_snapshot_win.cc(98)] thread ID 6296 not found in process
[0405/224409.929:ERROR:exception_snapshot_win.cc(98)] thread ID 18772 not found in process
[0405/224409.929:ERROR:scoped_process_suspend.cc(40)] NtResumeProcess: An attempt was made to access an exiting process. (0xc000010a)
[0405/224409.929:ERROR:exception_snapshot_win.cc(98)] thread ID 17392 not found in process
[0405/224409.929:ERROR:exception_snapshot_win.cc(98)] thread ID 20976 not found in process
[0405/224409.929:ERROR:scoped_process_suspend.cc(40)] NtResumeProcess: An attempt was made to access an exiting process. (0xc000010a)
